=== TASK 1 ===
null
=== TASK 2 ===
8
=== TASK 3 ===
null
=== TASK 4 ===
8
=== TASK 5 ===
100
=== TASK 6 ===
null
=== TASK 7 ===
true
=== TASK 8 ===
1
=== TASK 9 ===
true
=== TASK 10 ===
12
=== TASK 11 ===
null
=== TASK 12 ===
null
=== TASK 13 ===
0
=== TASK 14 ===
null
=== TASK 15 ===
0
0
0
0
0
false
=== TASK 16 ===
0
1
2
3
4
=== TASK 17 ===
true
true
true
=== TASK 18 ===
1
2
4
=== TASK 19 ===
2
false
=== TASK 20 ===
1
null
4
=== TASK 21 ===
null
=== TASK 22 ===
1
123
4
=== TASK 23 ===
true
=== TASK 24 ===
1
4
=== TASK 25 ===
false
=== TASK 26 ===
1
4
null
